{"C:\\Users\\Matheus\\Desktop\\projetos\\integracao-de-aplicacoes\\pizzaria-backend\\src\\app.ts": {"path":"C:\\Users\\Matheus\\Desktop\\projetos\\integracao-de-aplicacoes\\pizzaria-backend\\src\\app.ts","statementMap":{"0":{"start":{"line":1,"column":0},"end":{"line":1,"column":47}},"1":{"start":{"line":2,"column":0},"end":{"line":2,"column":56}},"2":{"start":{"line":3,"column":0},"end":{"line":3,"column":50}},"3":{"start":{"line":4,"column":0},"end":{"line":4,"column":52}},"4":{"start":{"line":5,"column":0},"end":{"line":5,"column":49}},"5":{"start":{"line":7,"column":25},"end":{"line":7,"column":34}},"6":{"start":{"line":9,"column":0},"end":{"line":9,"column":24}},"7":{"start":{"line":11,"column":0},"end":{"line":11,"column":40}},"8":{"start":{"line":12,"column":0},"end":{"line":12,"column":34}},"9":{"start":{"line":13,"column":0},"end":{"line":13,"column":36}},"10":{"start":{"line":14,"column":0},"end":{"line":14,"column":33}},"11":{"start":{"line":16,"column":0},"end":{"line":16,"column":19}}},"fnMap":{},"branchMap":{},"s":{"0":4,"1":4,"2":4,"3":4,"4":4,"5":4,"6":4,"7":4,"8":4,"9":4,"10":4,"11":4},"f":{},"b":{}}
,"C:\\Users\\Matheus\\Desktop\\projetos\\integracao-de-aplicacoes\\pizzaria-backend\\src\\config\\data-source.ts": {"path":"C:\\Users\\Matheus\\Desktop\\projetos\\integracao-de-aplicacoes\\pizzaria-backend\\src\\config\\data-source.ts","statementMap":{"0":{"start":{"line":1,"column":0},"end":{"line":1,"column":37}},"1":{"start":{"line":2,"column":0},"end":{"line":2,"column":33}},"2":{"start":{"line":4,"column":0},"end":{"line":4,"column":16}},"3":{"start":{"line":6,"column":13},"end":{"line":17,"column":3}}},"fnMap":{},"branchMap":{},"s":{"0":4,"1":4,"2":4,"3":4},"f":{},"b":{}}
,"C:\\Users\\Matheus\\Desktop\\projetos\\integracao-de-aplicacoes\\pizzaria-backend\\src\\controllers\\categoria.controller.ts": {"path":"C:\\Users\\Matheus\\Desktop\\projetos\\integracao-de-aplicacoes\\pizzaria-backend\\src\\controllers\\categoria.controller.ts","statementMap":{"0":{"start":{"line":2,"column":0},"end":{"line":2,"column":54}},"1":{"start":{"line":3,"column":0},"end":{"line":3,"column":54}},"2":{"start":{"line":6,"column":12},"end":{"line":6,"column":64}},"3":{"start":{"line":8,"column":11},"end":{"line":16,"column":6}},"4":{"start":{"line":9,"column":8},"end":{"line":15,"column":null}},"5":{"start":{"line":10,"column":31},"end":{"line":10,"column":59}},"6":{"start":{"line":12,"column":12},"end":{"line":12,"column":45}},"7":{"start":{"line":14,"column":12},"end":{"line":14,"column":86}},"8":{"start":{"line":18,"column":11},"end":{"line":33,"column":6}},"9":{"start":{"line":19,"column":8},"end":{"line":32,"column":null}},"10":{"start":{"line":20,"column":29},"end":{"line":20,"column":41}},"11":{"start":{"line":22,"column":12},"end":{"line":24,"column":null}},"12":{"start":{"line":23,"column":16},"end":{"line":23,"column":83}},"13":{"start":{"line":26,"column":30},"end":{"line":26,"column":62}},"14":{"start":{"line":27,"column":12},"end":{"line":27,"column":50}},"15":{"start":{"line":29,"column":12},"end":{"line":29,"column":56}},"16":{"start":{"line":31,"column":12},"end":{"line":31,"column":84}},"17":{"start":{"line":35,"column":11},"end":{"line":49,"column":6}},"18":{"start":{"line":36,"column":8},"end":{"line":48,"column":null}},"19":{"start":{"line":37,"column":27},"end":{"line":37,"column":41}},"20":{"start":{"line":39,"column":30},"end":{"line":39,"column":90}},"21":{"start":{"line":41,"column":12},"end":{"line":43,"column":null}},"22":{"start":{"line":42,"column":16},"end":{"line":42,"column":89}},"23":{"start":{"line":45,"column":12},"end":{"line":45,"column":44}},"24":{"start":{"line":47,"column":12},"end":{"line":47,"column":85}},"25":{"start":{"line":51,"column":11},"end":{"line":69,"column":6}},"26":{"start":{"line":52,"column":8},"end":{"line":68,"column":null}},"27":{"start":{"line":53,"column":27},"end":{"line":53,"column":41}},"28":{"start":{"line":54,"column":29},"end":{"line":54,"column":41}},"29":{"start":{"line":56,"column":30},"end":{"line":56,"column":90}},"30":{"start":{"line":58,"column":12},"end":{"line":60,"column":null}},"31":{"start":{"line":59,"column":16},"end":{"line":59,"column":89}},"32":{"start":{"line":62,"column":12},"end":{"line":62,"column":52}},"33":{"start":{"line":63,"column":12},"end":{"line":63,"column":50}},"34":{"start":{"line":65,"column":12},"end":{"line":65,"column":44}},"35":{"start":{"line":67,"column":12},"end":{"line":67,"column":88}},"36":{"start":{"line":71,"column":11},"end":{"line":87,"column":6}},"37":{"start":{"line":72,"column":8},"end":{"line":86,"column":null}},"38":{"start":{"line":73,"column":27},"end":{"line":73,"column":41}},"39":{"start":{"line":75,"column":30},"end":{"line":75,"column":90}},"40":{"start":{"line":77,"column":12},"end":{"line":79,"column":null}},"41":{"start":{"line":78,"column":16},"end":{"line":78,"column":89}},"42":{"start":{"line":81,"column":12},"end":{"line":81,"column":52}},"43":{"start":{"line":83,"column":12},"end":{"line":83,"column":69}},"44":{"start":{"line":85,"column":12},"end":{"line":85,"column":86}},"45":{"start":{"line":5,"column":0},"end":{"line":5,"column":13}}},"fnMap":{"0":{"name":"(anonymous_0)","decl":{"start":{"line":5,"column":0},"end":{"line":5,"column":13}},"loc":{"start":{"line":5,"column":0},"end":{"line":88,"column":1}}},"1":{"name":"(anonymous_1)","decl":{"start":{"line":8,"column":18},"end":{"line":8,"column":23}},"loc":{"start":{"line":8,"column":65},"end":{"line":16,"column":5}}},"2":{"name":"(anonymous_2)","decl":{"start":{"line":18,"column":20},"end":{"line":18,"column":25}},"loc":{"start":{"line":18,"column":67},"end":{"line":33,"column":5}}},"3":{"name":"(anonymous_3)","decl":{"start":{"line":35,"column":18},"end":{"line":35,"column":23}},"loc":{"start":{"line":35,"column":65},"end":{"line":49,"column":5}}},"4":{"name":"(anonymous_4)","decl":{"start":{"line":51,"column":20},"end":{"line":51,"column":25}},"loc":{"start":{"line":51,"column":67},"end":{"line":69,"column":5}}},"5":{"name":"(anonymous_5)","decl":{"start":{"line":71,"column":20},"end":{"line":71,"column":25}},"loc":{"start":{"line":71,"column":67},"end":{"line":87,"column":5}}}},"branchMap":{"0":{"loc":{"start":{"line":22,"column":12},"end":{"line":24,"column":null}},"type":"if","locations":[{"start":{"line":22,"column":12},"end":{"line":24,"column":null}}]},"1":{"loc":{"start":{"line":41,"column":12},"end":{"line":43,"column":null}},"type":"if","locations":[{"start":{"line":41,"column":12},"end":{"line":43,"column":null}}]},"2":{"loc":{"start":{"line":58,"column":12},"end":{"line":60,"column":null}},"type":"if","locations":[{"start":{"line":58,"column":12},"end":{"line":60,"column":null}}]},"3":{"loc":{"start":{"line":62,"column":29},"end":{"line":62,"column":51}},"type":"binary-expr","locations":[{"start":{"line":62,"column":29},"end":{"line":62,"column":33}},{"start":{"line":62,"column":37},"end":{"line":62,"column":51}}]},"4":{"loc":{"start":{"line":77,"column":12},"end":{"line":79,"column":null}},"type":"if","locations":[{"start":{"line":77,"column":12},"end":{"line":79,"column":null}}]}},"s":{"0":4,"1":4,"2":4,"3":4,"4":1,"5":1,"6":1,"7":0,"8":4,"9":7,"10":7,"11":7,"12":0,"13":7,"14":7,"15":7,"16":0,"17":4,"18":1,"19":1,"20":1,"21":1,"22":0,"23":1,"24":0,"25":4,"26":1,"27":1,"28":1,"29":1,"30":1,"31":0,"32":1,"33":1,"34":1,"35":0,"36":4,"37":1,"38":1,"39":1,"40":1,"41":0,"42":1,"43":1,"44":0,"45":4},"f":{"0":4,"1":1,"2":7,"3":1,"4":1,"5":1},"b":{"0":[0],"1":[0],"2":[0],"3":[1,0],"4":[0]}}
,"C:\\Users\\Matheus\\Desktop\\projetos\\integracao-de-aplicacoes\\pizzaria-backend\\src\\controllers\\pedido.controller.ts": {"path":"C:\\Users\\Matheus\\Desktop\\projetos\\integracao-de-aplicacoes\\pizzaria-backend\\src\\controllers\\pedido.controller.ts","statementMap":{"0":{"start":{"line":2,"column":0},"end":{"line":2,"column":48}},"1":{"start":{"line":3,"column":0},"end":{"line":3,"column":63}},"2":{"start":{"line":4,"column":0},"end":{"line":4,"column":50}},"3":{"start":{"line":5,"column":0},"end":{"line":5,"column":50}},"4":{"start":{"line":6,"column":0},"end":{"line":6,"column":54}},"5":{"start":{"line":9,"column":12},"end":{"line":9,"column":61}},"6":{"start":{"line":10,"column":12},"end":{"line":10,"column":69}},"7":{"start":{"line":11,"column":12},"end":{"line":11,"column":81}},"8":{"start":{"line":12,"column":12},"end":{"line":12,"column":69}},"9":{"start":{"line":14,"column":11},"end":{"line":29,"column":6}},"10":{"start":{"line":15,"column":8},"end":{"line":28,"column":null}},"11":{"start":{"line":16,"column":28},"end":{"line":23,"column":14}},"12":{"start":{"line":24,"column":12},"end":{"line":24,"column":42}},"13":{"start":{"line":26,"column":12},"end":{"line":26,"column":60}},"14":{"start":{"line":27,"column":12},"end":{"line":27,"column":92}},"15":{"start":{"line":31,"column":11},"end":{"line":102,"column":6}},"16":{"start":{"line":32,"column":8},"end":{"line":101,"column":null}},"17":{"start":{"line":33,"column":85},"end":{"line":33,"column":97}},"18":{"start":{"line":35,"column":34},"end":{"line":35,"column":115}},"19":{"start":{"line":36,"column":44},"end":{"line":36,"column":66}},"20":{"start":{"line":37,"column":41},"end":{"line":37,"column":64}},"21":{"start":{"line":39,"column":12},"end":{"line":41,"column":null}},"22":{"start":{"line":40,"column":16},"end":{"line":40,"column":101}},"23":{"start":{"line":43,"column":12},"end":{"line":45,"column":null}},"24":{"start":{"line":44,"column":16},"end":{"line":44,"column":82}},"25":{"start":{"line":47,"column":12},"end":{"line":49,"column":null}},"26":{"start":{"line":48,"column":16},"end":{"line":48,"column":94}},"27":{"start":{"line":51,"column":12},"end":{"line":53,"column":null}},"28":{"start":{"line":52,"column":16},"end":{"line":52,"column":91}},"29":{"start":{"line":55,"column":12},"end":{"line":57,"column":null}},"30":{"start":{"line":56,"column":16},"end":{"line":56,"column":88}},"31":{"start":{"line":59,"column":28},"end":{"line":59,"column":94}},"32":{"start":{"line":60,"column":12},"end":{"line":62,"column":null}},"33":{"start":{"line":61,"column":16},"end":{"line":61,"column":89}},"34":{"start":{"line":64,"column":36},"end":{"line":71,"column":null}},"35":{"start":{"line":66,"column":42},"end":{"line":66,"column":109}},"36":{"start":{"line":67,"column":20},"end":{"line":69,"column":null}},"37":{"start":{"line":68,"column":24},"end":{"line":68,"column":36}},"38":{"start":{"line":70,"column":20},"end":{"line":70,"column":86}},"39":{"start":{"line":74,"column":12},"end":{"line":76,"column":null}},"40":{"start":{"line":74,"column":49},"end":{"line":74,"column":51}},"41":{"start":{"line":75,"column":16},"end":{"line":75,"column":85}},"42":{"start":{"line":78,"column":26},"end":{"line":80,"column":null}},"43":{"start":{"line":79,"column":44},"end":{"line":79,"column":86}},"44":{"start":{"line":83,"column":27},"end":{"line":93,"column":14}},"45":{"start":{"line":89,"column":62},"end":{"line":92,"column":18}},"46":{"start":{"line":95,"column":12},"end":{"line":95,"column":47}},"47":{"start":{"line":97,"column":12},"end":{"line":97,"column":53}},"48":{"start":{"line":99,"column":12},"end":{"line":99,"column":58}},"49":{"start":{"line":100,"column":12},"end":{"line":100,"column":90}},"50":{"start":{"line":105,"column":11},"end":{"line":128,"column":6}},"51":{"start":{"line":106,"column":8},"end":{"line":127,"column":null}},"52":{"start":{"line":107,"column":27},"end":{"line":107,"column":41}},"53":{"start":{"line":109,"column":27},"end":{"line":117,"column":14}},"54":{"start":{"line":119,"column":12},"end":{"line":121,"column":null}},"55":{"start":{"line":120,"column":16},"end":{"line":120,"column":88}},"56":{"start":{"line":123,"column":12},"end":{"line":123,"column":41}},"57":{"start":{"line":125,"column":12},"end":{"line":125,"column":59}},"58":{"start":{"line":126,"column":12},"end":{"line":126,"column":91}},"59":{"start":{"line":130,"column":11},"end":{"line":150,"column":6}},"60":{"start":{"line":131,"column":8},"end":{"line":149,"column":null}},"61":{"start":{"line":132,"column":27},"end":{"line":132,"column":41}},"62":{"start":{"line":134,"column":27},"end":{"line":134,"column":87}},"63":{"start":{"line":136,"column":12},"end":{"line":138,"column":null}},"64":{"start":{"line":137,"column":16},"end":{"line":137,"column":88}},"65":{"start":{"line":140,"column":35},"end":{"line":140,"column":105}},"66":{"start":{"line":141,"column":12},"end":{"line":141,"column":70}},"67":{"start":{"line":143,"column":12},"end":{"line":143,"column":49}},"68":{"start":{"line":145,"column":12},"end":{"line":145,"column":90}},"69":{"start":{"line":147,"column":12},"end":{"line":147,"column":60}},"70":{"start":{"line":148,"column":12},"end":{"line":148,"column":92}},"71":{"start":{"line":152,"column":11},"end":{"line":177,"column":6}},"72":{"start":{"line":153,"column":8},"end":{"line":176,"column":null}},"73":{"start":{"line":154,"column":27},"end":{"line":154,"column":41}},"74":{"start":{"line":155,"column":31},"end":{"line":155,"column":43}},"75":{"start":{"line":157,"column":34},"end":{"line":157,"column":115}},"76":{"start":{"line":159,"column":12},"end":{"line":161,"column":null}},"77":{"start":{"line":160,"column":16},"end":{"line":160,"column":82}},"78":{"start":{"line":163,"column":27},"end":{"line":163,"column":87}},"79":{"start":{"line":165,"column":12},"end":{"line":167,"column":null}},"80":{"start":{"line":166,"column":16},"end":{"line":166,"column":88}},"81":{"start":{"line":169,"column":12},"end":{"line":169,"column":35}},"82":{"start":{"line":170,"column":12},"end":{"line":170,"column":47}},"83":{"start":{"line":172,"column":12},"end":{"line":172,"column":53}},"84":{"start":{"line":174,"column":12},"end":{"line":174,"column":72}},"85":{"start":{"line":175,"column":12},"end":{"line":175,"column":104}},"86":{"start":{"line":8,"column":0},"end":{"line":8,"column":21}}},"fnMap":{"0":{"name":"(anonymous_0)","decl":{"start":{"line":8,"column":0},"end":{"line":8,"column":21}},"loc":{"start":{"line":8,"column":0},"end":{"line":178,"column":1}}},"1":{"name":"(anonymous_1)","decl":{"start":{"line":14,"column":18},"end":{"line":14,"column":23}},"loc":{"start":{"line":14,"column":65},"end":{"line":29,"column":5}}},"2":{"name":"(anonymous_2)","decl":{"start":{"line":31,"column":20},"end":{"line":31,"column":25}},"loc":{"start":{"line":31,"column":67},"end":{"line":102,"column":5}}},"3":{"name":"(anonymous_3)","decl":{"start":{"line":65,"column":29},"end":{"line":65,"column":34}},"loc":{"start":{"line":65,"column":52},"end":{"line":71,"column":17}}},"4":{"name":"(anonymous_4)","decl":{"start":{"line":74,"column":37},"end":{"line":74,"column":38}},"loc":{"start":{"line":74,"column":49},"end":{"line":74,"column":51}}},"5":{"name":"(anonymous_5)","decl":{"start":{"line":79,"column":16},"end":{"line":79,"column":17}},"loc":{"start":{"line":79,"column":44},"end":{"line":79,"column":86}}},"6":{"name":"(anonymous_6)","decl":{"start":{"line":89,"column":46},"end":{"line":89,"column":47}},"loc":{"start":{"line":89,"column":62},"end":{"line":92,"column":18}}},"7":{"name":"(anonymous_7)","decl":{"start":{"line":105,"column":18},"end":{"line":105,"column":23}},"loc":{"start":{"line":105,"column":65},"end":{"line":128,"column":5}}},"8":{"name":"(anonymous_8)","decl":{"start":{"line":130,"column":20},"end":{"line":130,"column":25}},"loc":{"start":{"line":130,"column":67},"end":{"line":150,"column":5}}},"9":{"name":"(anonymous_9)","decl":{"start":{"line":152,"column":26},"end":{"line":152,"column":31}},"loc":{"start":{"line":152,"column":73},"end":{"line":177,"column":5}}}},"branchMap":{"0":{"loc":{"start":{"line":39,"column":12},"end":{"line":41,"column":null}},"type":"if","locations":[{"start":{"line":39,"column":12},"end":{"line":41,"column":null}}]},"1":{"loc":{"start":{"line":39,"column":16},"end":{"line":39,"column":89}},"type":"binary-expr","locations":[{"start":{"line":39,"column":16},"end":{"line":39,"column":26}},{"start":{"line":39,"column":30},"end":{"line":39,"column":39}},{"start":{"line":39,"column":43},"end":{"line":39,"column":50}},{"start":{"line":39,"column":54},"end":{"line":39,"column":71}},{"start":{"line":39,"column":75},"end":{"line":39,"column":89}}]},"2":{"loc":{"start":{"line":43,"column":12},"end":{"line":45,"column":null}},"type":"if","locations":[{"start":{"line":43,"column":12},"end":{"line":45,"column":null}}]},"3":{"loc":{"start":{"line":47,"column":12},"end":{"line":49,"column":null}},"type":"if","locations":[{"start":{"line":47,"column":12},"end":{"line":49,"column":null}}]},"4":{"loc":{"start":{"line":51,"column":12},"end":{"line":53,"column":null}},"type":"if","locations":[{"start":{"line":51,"column":12},"end":{"line":53,"column":null}}]},"5":{"loc":{"start":{"line":55,"column":12},"end":{"line":57,"column":null}},"type":"if","locations":[{"start":{"line":55,"column":12},"end":{"line":57,"column":null}}]},"6":{"loc":{"start":{"line":55,"column":16},"end":{"line":55,"column":65}},"type":"binary-expr","locations":[{"start":{"line":55,"column":16},"end":{"line":55,"column":40}},{"start":{"line":55,"column":44},"end":{"line":55,"column":65}}]},"7":{"loc":{"start":{"line":60,"column":12},"end":{"line":62,"column":null}},"type":"if","locations":[{"start":{"line":60,"column":12},"end":{"line":62,"column":null}}]},"8":{"loc":{"start":{"line":67,"column":20},"end":{"line":69,"column":null}},"type":"if","locations":[{"start":{"line":67,"column":20},"end":{"line":69,"column":null}}]},"9":{"loc":{"start":{"line":74,"column":12},"end":{"line":76,"column":null}},"type":"if","locations":[{"start":{"line":74,"column":12},"end":{"line":76,"column":null}}]},"10":{"loc":{"start":{"line":119,"column":12},"end":{"line":121,"column":null}},"type":"if","locations":[{"start":{"line":119,"column":12},"end":{"line":121,"column":null}}]},"11":{"loc":{"start":{"line":136,"column":12},"end":{"line":138,"column":null}},"type":"if","locations":[{"start":{"line":136,"column":12},"end":{"line":138,"column":null}}]},"12":{"loc":{"start":{"line":159,"column":12},"end":{"line":161,"column":null}},"type":"if","locations":[{"start":{"line":159,"column":12},"end":{"line":161,"column":null}}]},"13":{"loc":{"start":{"line":165,"column":12},"end":{"line":167,"column":null}},"type":"if","locations":[{"start":{"line":165,"column":12},"end":{"line":167,"column":null}}]}},"s":{"0":4,"1":4,"2":4,"3":4,"4":4,"5":4,"6":4,"7":4,"8":4,"9":4,"10":0,"11":0,"12":0,"13":0,"14":0,"15":4,"16":0,"17":0,"18":0,"19":0,"20":0,"21":0,"22":0,"23":0,"24":0,"25":0,"26":0,"27":0,"28":0,"29":0,"30":0,"31":0,"32":0,"33":0,"34":0,"35":0,"36":0,"37":0,"38":0,"39":0,"40":0,"41":0,"42":0,"43":0,"44":0,"45":0,"46":0,"47":0,"48":0,"49":0,"50":4,"51":0,"52":0,"53":0,"54":0,"55":0,"56":0,"57":0,"58":0,"59":4,"60":0,"61":0,"62":0,"63":0,"64":0,"65":0,"66":0,"67":0,"68":0,"69":0,"70":0,"71":4,"72":0,"73":0,"74":0,"75":0,"76":0,"77":0,"78":0,"79":0,"80":0,"81":0,"82":0,"83":0,"84":0,"85":0,"86":4},"f":{"0":4,"1":0,"2":0,"3":0,"4":0,"5":0,"6":0,"7":0,"8":0,"9":0},"b":{"0":[0],"1":[0,0,0,0,0],"2":[0],"3":[0],"4":[0],"5":[0],"6":[0,0],"7":[0],"8":[0],"9":[0],"10":[0],"11":[0],"12":[0],"13":[0]}}
,"C:\\Users\\Matheus\\Desktop\\projetos\\integracao-de-aplicacoes\\pizzaria-backend\\src\\controllers\\produto.controller.ts": {"path":"C:\\Users\\Matheus\\Desktop\\projetos\\integracao-de-aplicacoes\\pizzaria-backend\\src\\controllers\\produto.controller.ts","statementMap":{"0":{"start":{"line":2,"column":0},"end":{"line":2,"column":50}},"1":{"start":{"line":3,"column":0},"end":{"line":3,"column":54}},"2":{"start":{"line":4,"column":0},"end":{"line":4,"column":54}},"3":{"start":{"line":7,"column":12},"end":{"line":7,"column":62}},"4":{"start":{"line":9,"column":11},"end":{"line":17,"column":6}},"5":{"start":{"line":10,"column":8},"end":{"line":16,"column":null}},"6":{"start":{"line":11,"column":29},"end":{"line":11,"column":85}},"7":{"start":{"line":13,"column":12},"end":{"line":13,"column":43}},"8":{"start":{"line":15,"column":12},"end":{"line":15,"column":84}},"9":{"start":{"line":19,"column":11},"end":{"line":39,"column":6}},"10":{"start":{"line":20,"column":8},"end":{"line":38,"column":null}},"11":{"start":{"line":21,"column":49},"end":{"line":21,"column":61}},"12":{"start":{"line":23,"column":12},"end":{"line":25,"column":null}},"13":{"start":{"line":24,"column":16},"end":{"line":24,"column":99}},"14":{"start":{"line":27,"column":30},"end":{"line":27,"column":114}},"15":{"start":{"line":28,"column":12},"end":{"line":30,"column":null}},"16":{"start":{"line":29,"column":16},"end":{"line":29,"column":89}},"17":{"start":{"line":32,"column":28},"end":{"line":32,"column":78}},"18":{"start":{"line":33,"column":12},"end":{"line":33,"column":48}},"19":{"start":{"line":35,"column":12},"end":{"line":35,"column":54}},"20":{"start":{"line":37,"column":12},"end":{"line":37,"column":82}},"21":{"start":{"line":41,"column":11},"end":{"line":55,"column":6}},"22":{"start":{"line":42,"column":8},"end":{"line":54,"column":null}},"23":{"start":{"line":43,"column":27},"end":{"line":43,"column":41}},"24":{"start":{"line":45,"column":28},"end":{"line":45,"column":114}},"25":{"start":{"line":47,"column":12},"end":{"line":49,"column":null}},"26":{"start":{"line":48,"column":16},"end":{"line":48,"column":87}},"27":{"start":{"line":51,"column":12},"end":{"line":51,"column":42}},"28":{"start":{"line":53,"column":12},"end":{"line":53,"column":83}},"29":{"start":{"line":57,"column":11},"end":{"line":88,"column":6}},"30":{"start":{"line":58,"column":8},"end":{"line":87,"column":null}},"31":{"start":{"line":59,"column":27},"end":{"line":59,"column":41}},"32":{"start":{"line":60,"column":49},"end":{"line":60,"column":61}},"33":{"start":{"line":62,"column":12},"end":{"line":64,"column":null}},"34":{"start":{"line":63,"column":16},"end":{"line":63,"column":104}},"35":{"start":{"line":66,"column":28},"end":{"line":66,"column":88}},"36":{"start":{"line":67,"column":12},"end":{"line":69,"column":null}},"37":{"start":{"line":68,"column":16},"end":{"line":68,"column":87}},"38":{"start":{"line":71,"column":12},"end":{"line":71,"column":32}},"39":{"start":{"line":72,"column":12},"end":{"line":72,"column":34}},"40":{"start":{"line":74,"column":30},"end":{"line":74,"column":114}},"41":{"start":{"line":76,"column":12},"end":{"line":78,"column":null}},"42":{"start":{"line":77,"column":16},"end":{"line":77,"column":89}},"43":{"start":{"line":80,"column":12},"end":{"line":80,"column":42}},"44":{"start":{"line":82,"column":12},"end":{"line":82,"column":48}},"45":{"start":{"line":84,"column":12},"end":{"line":84,"column":42}},"46":{"start":{"line":86,"column":12},"end":{"line":86,"column":86}},"47":{"start":{"line":90,"column":11},"end":{"line":106,"column":6}},"48":{"start":{"line":91,"column":8},"end":{"line":105,"column":null}},"49":{"start":{"line":92,"column":27},"end":{"line":92,"column":41}},"50":{"start":{"line":94,"column":28},"end":{"line":94,"column":88}},"51":{"start":{"line":96,"column":12},"end":{"line":98,"column":null}},"52":{"start":{"line":97,"column":16},"end":{"line":97,"column":87}},"53":{"start":{"line":100,"column":12},"end":{"line":100,"column":50}},"54":{"start":{"line":102,"column":12},"end":{"line":102,"column":67}},"55":{"start":{"line":104,"column":12},"end":{"line":104,"column":84}},"56":{"start":{"line":6,"column":0},"end":{"line":6,"column":13}}},"fnMap":{"0":{"name":"(anonymous_0)","decl":{"start":{"line":6,"column":0},"end":{"line":6,"column":13}},"loc":{"start":{"line":6,"column":0},"end":{"line":107,"column":1}}},"1":{"name":"(anonymous_1)","decl":{"start":{"line":9,"column":18},"end":{"line":9,"column":23}},"loc":{"start":{"line":9,"column":65},"end":{"line":17,"column":5}}},"2":{"name":"(anonymous_2)","decl":{"start":{"line":19,"column":20},"end":{"line":19,"column":25}},"loc":{"start":{"line":19,"column":67},"end":{"line":39,"column":5}}},"3":{"name":"(anonymous_3)","decl":{"start":{"line":41,"column":18},"end":{"line":41,"column":23}},"loc":{"start":{"line":41,"column":65},"end":{"line":55,"column":5}}},"4":{"name":"(anonymous_4)","decl":{"start":{"line":57,"column":20},"end":{"line":57,"column":25}},"loc":{"start":{"line":57,"column":67},"end":{"line":88,"column":5}}},"5":{"name":"(anonymous_5)","decl":{"start":{"line":90,"column":20},"end":{"line":90,"column":25}},"loc":{"start":{"line":90,"column":67},"end":{"line":106,"column":5}}}},"branchMap":{"0":{"loc":{"start":{"line":23,"column":12},"end":{"line":25,"column":null}},"type":"if","locations":[{"start":{"line":23,"column":12},"end":{"line":25,"column":null}}]},"1":{"loc":{"start":{"line":23,"column":16},"end":{"line":23,"column":47}},"type":"binary-expr","locations":[{"start":{"line":23,"column":16},"end":{"line":23,"column":21}},{"start":{"line":23,"column":25},"end":{"line":23,"column":31}},{"start":{"line":23,"column":35},"end":{"line":23,"column":47}}]},"2":{"loc":{"start":{"line":28,"column":12},"end":{"line":30,"column":null}},"type":"if","locations":[{"start":{"line":28,"column":12},"end":{"line":30,"column":null}}]},"3":{"loc":{"start":{"line":47,"column":12},"end":{"line":49,"column":null}},"type":"if","locations":[{"start":{"line":47,"column":12},"end":{"line":49,"column":null}}]},"4":{"loc":{"start":{"line":62,"column":12},"end":{"line":64,"column":null}},"type":"if","locations":[{"start":{"line":62,"column":12},"end":{"line":64,"column":null}}]},"5":{"loc":{"start":{"line":62,"column":16},"end":{"line":62,"column":47}},"type":"binary-expr","locations":[{"start":{"line":62,"column":16},"end":{"line":62,"column":21}},{"start":{"line":62,"column":25},"end":{"line":62,"column":31}},{"start":{"line":62,"column":35},"end":{"line":62,"column":47}}]},"6":{"loc":{"start":{"line":67,"column":12},"end":{"line":69,"column":null}},"type":"if","locations":[{"start":{"line":67,"column":12},"end":{"line":69,"column":null}}]},"7":{"loc":{"start":{"line":76,"column":12},"end":{"line":78,"column":null}},"type":"if","locations":[{"start":{"line":76,"column":12},"end":{"line":78,"column":null}}]},"8":{"loc":{"start":{"line":96,"column":12},"end":{"line":98,"column":null}},"type":"if","locations":[{"start":{"line":96,"column":12},"end":{"line":98,"column":null}}]}},"s":{"0":4,"1":4,"2":4,"3":4,"4":4,"5":1,"6":1,"7":1,"8":0,"9":4,"10":3,"11":3,"12":3,"13":0,"14":3,"15":2,"16":0,"17":2,"18":2,"19":2,"20":1,"21":4,"22":1,"23":1,"24":1,"25":0,"26":0,"27":0,"28":1,"29":4,"30":0,"31":0,"32":0,"33":0,"34":0,"35":0,"36":0,"37":0,"38":0,"39":0,"40":0,"41":0,"42":0,"43":0,"44":0,"45":0,"46":0,"47":4,"48":1,"49":1,"50":1,"51":1,"52":0,"53":1,"54":1,"55":0,"56":4},"f":{"0":4,"1":1,"2":3,"3":1,"4":0,"5":1},"b":{"0":[0],"1":[3,3,3],"2":[0],"3":[0],"4":[0],"5":[0,0,0],"6":[0],"7":[0],"8":[0]}}
,"C:\\Users\\Matheus\\Desktop\\projetos\\integracao-de-aplicacoes\\pizzaria-backend\\src\\controllers\\usuario.controller.ts": {"path":"C:\\Users\\Matheus\\Desktop\\projetos\\integracao-de-aplicacoes\\pizzaria-backend\\src\\controllers\\usuario.controller.ts","statementMap":{"0":{"start":{"line":2,"column":0},"end":{"line":2,"column":50}},"1":{"start":{"line":3,"column":0},"end":{"line":3,"column":54}},"2":{"start":{"line":4,"column":0},"end":{"line":4,"column":28}},"3":{"start":{"line":7,"column":12},"end":{"line":7,"column":62}},"4":{"start":{"line":9,"column":11},"end":{"line":16,"column":6}},"5":{"start":{"line":10,"column":8},"end":{"line":15,"column":null}},"6":{"start":{"line":11,"column":26},"end":{"line":11,"column":54}},"7":{"start":{"line":12,"column":12},"end":{"line":12,"column":40}},"8":{"start":{"line":14,"column":12},"end":{"line":14,"column":84}},"9":{"start":{"line":18,"column":11},"end":{"line":55,"column":6}},"10":{"start":{"line":19,"column":8},"end":{"line":54,"column":null}},"11":{"start":{"line":20,"column":71},"end":{"line":20,"column":83}},"12":{"start":{"line":22,"column":35},"end":{"line":22,"column":55}},"13":{"start":{"line":24,"column":12},"end":{"line":26,"column":null}},"14":{"start":{"line":25,"column":16},"end":{"line":25,"column":99}},"15":{"start":{"line":28,"column":12},"end":{"line":30,"column":null}},"16":{"start":{"line":29,"column":16},"end":{"line":29,"column":80}},"17":{"start":{"line":32,"column":33},"end":{"line":32,"column":84}},"18":{"start":{"line":33,"column":12},"end":{"line":35,"column":null}},"19":{"start":{"line":34,"column":16},"end":{"line":34,"column":84}},"20":{"start":{"line":37,"column":32},"end":{"line":37,"column":60}},"21":{"start":{"line":39,"column":25},"end":{"line":46,"column":14}},"22":{"start":{"line":48,"column":12},"end":{"line":48,"column":45}},"23":{"start":{"line":50,"column":12},"end":{"line":50,"column":51}},"24":{"start":{"line":52,"column":12},"end":{"line":52,"column":33}},"25":{"start":{"line":53,"column":12},"end":{"line":53,"column":82}},"26":{"start":{"line":57,"column":11},"end":{"line":71,"column":6}},"27":{"start":{"line":58,"column":8},"end":{"line":70,"column":null}},"28":{"start":{"line":59,"column":27},"end":{"line":59,"column":41}},"29":{"start":{"line":61,"column":25},"end":{"line":61,"column":85}},"30":{"start":{"line":63,"column":12},"end":{"line":65,"column":null}},"31":{"start":{"line":64,"column":16},"end":{"line":64,"column":87}},"32":{"start":{"line":67,"column":12},"end":{"line":67,"column":39}},"33":{"start":{"line":69,"column":12},"end":{"line":69,"column":83}},"34":{"start":{"line":73,"column":11},"end":{"line":106,"column":6}},"35":{"start":{"line":74,"column":8},"end":{"line":105,"column":null}},"36":{"start":{"line":75,"column":27},"end":{"line":75,"column":41}},"37":{"start":{"line":76,"column":71},"end":{"line":76,"column":83}},"38":{"start":{"line":78,"column":35},"end":{"line":78,"column":55}},"39":{"start":{"line":80,"column":12},"end":{"line":82,"column":null}},"40":{"start":{"line":81,"column":16},"end":{"line":81,"column":99}},"41":{"start":{"line":84,"column":12},"end":{"line":86,"column":null}},"42":{"start":{"line":85,"column":16},"end":{"line":85,"column":80}},"43":{"start":{"line":88,"column":25},"end":{"line":88,"column":73}},"44":{"start":{"line":89,"column":12},"end":{"line":91,"column":null}},"45":{"start":{"line":90,"column":16},"end":{"line":90,"column":87}},"46":{"start":{"line":93,"column":12},"end":{"line":93,"column":39}},"47":{"start":{"line":93,"column":22},"end":{"line":93,"column":39}},"48":{"start":{"line":94,"column":12},"end":{"line":94,"column":42}},"49":{"start":{"line":94,"column":23},"end":{"line":94,"column":42}},"50":{"start":{"line":95,"column":12},"end":{"line":95,"column":51}},"51":{"start":{"line":95,"column":26},"end":{"line":95,"column":51}},"52":{"start":{"line":96,"column":12},"end":{"line":96,"column":51}},"53":{"start":{"line":96,"column":26},"end":{"line":96,"column":51}},"54":{"start":{"line":97,"column":12},"end":{"line":97,"column":65}},"55":{"start":{"line":97,"column":23},"end":{"line":97,"column":65}},"56":{"start":{"line":98,"column":12},"end":{"line":98,"column":45}},"57":{"start":{"line":98,"column":24},"end":{"line":98,"column":45}},"58":{"start":{"line":100,"column":12},"end":{"line":100,"column":45}},"59":{"start":{"line":102,"column":12},"end":{"line":102,"column":39}},"60":{"start":{"line":104,"column":12},"end":{"line":104,"column":86}},"61":{"start":{"line":108,"column":11},"end":{"line":124,"column":6}},"62":{"start":{"line":109,"column":8},"end":{"line":123,"column":null}},"63":{"start":{"line":110,"column":27},"end":{"line":110,"column":41}},"64":{"start":{"line":112,"column":25},"end":{"line":112,"column":85}},"65":{"start":{"line":114,"column":12},"end":{"line":116,"column":null}},"66":{"start":{"line":115,"column":16},"end":{"line":115,"column":87}},"67":{"start":{"line":118,"column":12},"end":{"line":118,"column":47}},"68":{"start":{"line":120,"column":12},"end":{"line":120,"column":67}},"69":{"start":{"line":122,"column":12},"end":{"line":122,"column":84}},"70":{"start":{"line":6,"column":0},"end":{"line":6,"column":13}}},"fnMap":{"0":{"name":"(anonymous_1)","decl":{"start":{"line":6,"column":0},"end":{"line":6,"column":13}},"loc":{"start":{"line":6,"column":0},"end":{"line":125,"column":1}}},"1":{"name":"(anonymous_2)","decl":{"start":{"line":9,"column":18},"end":{"line":9,"column":23}},"loc":{"start":{"line":9,"column":65},"end":{"line":16,"column":5}}},"2":{"name":"(anonymous_3)","decl":{"start":{"line":18,"column":20},"end":{"line":18,"column":25}},"loc":{"start":{"line":18,"column":67},"end":{"line":55,"column":5}}},"3":{"name":"(anonymous_4)","decl":{"start":{"line":57,"column":18},"end":{"line":57,"column":23}},"loc":{"start":{"line":57,"column":65},"end":{"line":71,"column":5}}},"4":{"name":"(anonymous_5)","decl":{"start":{"line":73,"column":20},"end":{"line":73,"column":25}},"loc":{"start":{"line":73,"column":67},"end":{"line":106,"column":5}}},"5":{"name":"(anonymous_6)","decl":{"start":{"line":108,"column":20},"end":{"line":108,"column":25}},"loc":{"start":{"line":108,"column":67},"end":{"line":124,"column":5}}}},"branchMap":{"0":{"loc":{"start":{"line":24,"column":12},"end":{"line":26,"column":null}},"type":"if","locations":[{"start":{"line":24,"column":12},"end":{"line":26,"column":null}}]},"1":{"loc":{"start":{"line":24,"column":16},"end":{"line":24,"column":78}},"type":"binary-expr","locations":[{"start":{"line":24,"column":16},"end":{"line":24,"column":21}},{"start":{"line":24,"column":25},"end":{"line":24,"column":31}},{"start":{"line":24,"column":35},"end":{"line":24,"column":44}},{"start":{"line":24,"column":48},"end":{"line":24,"column":57}},{"start":{"line":24,"column":61},"end":{"line":24,"column":67}},{"start":{"line":24,"column":71},"end":{"line":24,"column":78}}]},"2":{"loc":{"start":{"line":28,"column":12},"end":{"line":30,"column":null}},"type":"if","locations":[{"start":{"line":28,"column":12},"end":{"line":30,"column":null}}]},"3":{"loc":{"start":{"line":33,"column":12},"end":{"line":35,"column":null}},"type":"if","locations":[{"start":{"line":33,"column":12},"end":{"line":35,"column":null}}]},"4":{"loc":{"start":{"line":45,"column":24},"end":{"line":45,"column":43}},"type":"binary-expr","locations":[{"start":{"line":45,"column":24},"end":{"line":45,"column":30}},{"start":{"line":45,"column":34},"end":{"line":45,"column":43}}]},"5":{"loc":{"start":{"line":63,"column":12},"end":{"line":65,"column":null}},"type":"if","locations":[{"start":{"line":63,"column":12},"end":{"line":65,"column":null}}]},"6":{"loc":{"start":{"line":80,"column":12},"end":{"line":82,"column":null}},"type":"if","locations":[{"start":{"line":80,"column":12},"end":{"line":82,"column":null}}]},"7":{"loc":{"start":{"line":80,"column":16},"end":{"line":80,"column":78}},"type":"binary-expr","locations":[{"start":{"line":80,"column":16},"end":{"line":80,"column":21}},{"start":{"line":80,"column":25},"end":{"line":80,"column":31}},{"start":{"line":80,"column":35},"end":{"line":80,"column":44}},{"start":{"line":80,"column":48},"end":{"line":80,"column":57}},{"start":{"line":80,"column":61},"end":{"line":80,"column":67}},{"start":{"line":80,"column":71},"end":{"line":80,"column":78}}]},"8":{"loc":{"start":{"line":84,"column":12},"end":{"line":86,"column":null}},"type":"if","locations":[{"start":{"line":84,"column":12},"end":{"line":86,"column":null}}]},"9":{"loc":{"start":{"line":89,"column":12},"end":{"line":91,"column":null}},"type":"if","locations":[{"start":{"line":89,"column":12},"end":{"line":91,"column":null}}]},"10":{"loc":{"start":{"line":93,"column":12},"end":{"line":93,"column":39}},"type":"if","locations":[{"start":{"line":93,"column":12},"end":{"line":93,"column":39}}]},"11":{"loc":{"start":{"line":94,"column":12},"end":{"line":94,"column":42}},"type":"if","locations":[{"start":{"line":94,"column":12},"end":{"line":94,"column":42}}]},"12":{"loc":{"start":{"line":95,"column":12},"end":{"line":95,"column":51}},"type":"if","locations":[{"start":{"line":95,"column":12},"end":{"line":95,"column":51}}]},"13":{"loc":{"start":{"line":96,"column":12},"end":{"line":96,"column":51}},"type":"if","locations":[{"start":{"line":96,"column":12},"end":{"line":96,"column":51}}]},"14":{"loc":{"start":{"line":97,"column":12},"end":{"line":97,"column":65}},"type":"if","locations":[{"start":{"line":97,"column":12},"end":{"line":97,"column":65}}]},"15":{"loc":{"start":{"line":98,"column":12},"end":{"line":98,"column":45}},"type":"if","locations":[{"start":{"line":98,"column":12},"end":{"line":98,"column":45}}]},"16":{"loc":{"start":{"line":114,"column":12},"end":{"line":116,"column":null}},"type":"if","locations":[{"start":{"line":114,"column":12},"end":{"line":116,"column":null}}]}},"s":{"0":4,"1":4,"2":4,"3":4,"4":4,"5":0,"6":0,"7":0,"8":0,"9":4,"10":1,"11":1,"12":1,"13":1,"14":0,"15":1,"16":0,"17":1,"18":1,"19":0,"20":1,"21":1,"22":1,"23":1,"24":0,"25":0,"26":4,"27":0,"28":0,"29":0,"30":0,"31":0,"32":0,"33":0,"34":4,"35":0,"36":0,"37":0,"38":0,"39":0,"40":0,"41":0,"42":0,"43":0,"44":0,"45":0,"46":0,"47":0,"48":0,"49":0,"50":0,"51":0,"52":0,"53":0,"54":0,"55":0,"56":0,"57":0,"58":0,"59":0,"60":0,"61":4,"62":1,"63":1,"64":1,"65":1,"66":0,"67":1,"68":1,"69":0,"70":4},"f":{"0":4,"1":0,"2":1,"3":0,"4":0,"5":1},"b":{"0":[0],"1":[1,1,1,1,1,1],"2":[0],"3":[0],"4":[1,0],"5":[0],"6":[0],"7":[0,0,0,0,0,0],"8":[0],"9":[0],"10":[0],"11":[0],"12":[0],"13":[0],"14":[0],"15":[0],"16":[0]}}
,"C:\\Users\\Matheus\\Desktop\\projetos\\integracao-de-aplicacoes\\pizzaria-backend\\src\\models\\categoria.model.ts": {"path":"C:\\Users\\Matheus\\Desktop\\projetos\\integracao-de-aplicacoes\\pizzaria-backend\\src\\models\\categoria.model.ts","statementMap":{"0":{"start":{"line":1,"column":0},"end":{"line":1,"column":65}},"1":{"start":{"line":4,"column":0},"end":{"line":10,"column":null}},"2":{"start":{"line":6,"column":2},"end":{"line":6,"column":null}},"3":{"start":{"line":9,"column":2},"end":{"line":9,"column":null}},"4":{"start":{"line":4,"column":13},"end":{"line":10,"column":null}},"5":{"start":{"line":4,"column":13},"end":{"line":4,"column":22}}},"fnMap":{},"branchMap":{},"s":{"0":4,"1":4,"2":4,"3":4,"4":4,"5":4},"f":{},"b":{}}
,"C:\\Users\\Matheus\\Desktop\\projetos\\integracao-de-aplicacoes\\pizzaria-backend\\src\\models\\pedido.model.ts": {"path":"C:\\Users\\Matheus\\Desktop\\projetos\\integracao-de-aplicacoes\\pizzaria-backend\\src\\models\\pedido.model.ts","statementMap":{"0":{"start":{"line":1,"column":0},"end":{"line":1,"column":99}},"1":{"start":{"line":2,"column":0},"end":{"line":2,"column":42}},"2":{"start":{"line":3,"column":0},"end":{"line":3,"column":55}},"3":{"start":{"line":6,"column":0},"end":{"line":28,"column":null}},"4":{"start":{"line":8,"column":2},"end":{"line":8,"column":null}},"5":{"start":{"line":12,"column":2},"end":{"line":12,"column":null}},"6":{"start":{"line":10,"column":19},"end":{"line":10,"column":26}},"7":{"start":{"line":15,"column":2},"end":{"line":15,"column":null}},"8":{"start":{"line":14,"column":19},"end":{"line":14,"column":32}},"9":{"start":{"line":14,"column":51},"end":{"line":14,"column":71}},"10":{"start":{"line":18,"column":2},"end":{"line":18,"column":null}},"11":{"start":{"line":21,"column":2},"end":{"line":21,"column":null}},"12":{"start":{"line":24,"column":2},"end":{"line":24,"column":null}},"13":{"start":{"line":27,"column":2},"end":{"line":27,"column":null}},"14":{"start":{"line":6,"column":13},"end":{"line":28,"column":null}},"15":{"start":{"line":6,"column":13},"end":{"line":6,"column":19}}},"fnMap":{"0":{"name":"(anonymous_2)","decl":{"start":{"line":10,"column":13},"end":{"line":10,"column":16}},"loc":{"start":{"line":10,"column":19},"end":{"line":10,"column":26}}},"1":{"name":"(anonymous_3)","decl":{"start":{"line":14,"column":13},"end":{"line":14,"column":16}},"loc":{"start":{"line":14,"column":19},"end":{"line":14,"column":32}}},"2":{"name":"(anonymous_4)","decl":{"start":{"line":14,"column":34},"end":{"line":14,"column":47}},"loc":{"start":{"line":14,"column":51},"end":{"line":14,"column":71}}}},"branchMap":{},"s":{"0":4,"1":4,"2":4,"3":4,"4":4,"5":4,"6":4,"7":4,"8":4,"9":4,"10":4,"11":4,"12":4,"13":4,"14":4,"15":4},"f":{"0":4,"1":4,"2":4},"b":{}}
,"C:\\Users\\Matheus\\Desktop\\projetos\\integracao-de-aplicacoes\\pizzaria-backend\\src\\models\\pedido_produto.model.ts": {"path":"C:\\Users\\Matheus\\Desktop\\projetos\\integracao-de-aplicacoes\\pizzaria-backend\\src\\models\\pedido_produto.model.ts","statementMap":{"0":{"start":{"line":1,"column":0},"end":{"line":1,"column":88}},"1":{"start":{"line":2,"column":0},"end":{"line":2,"column":40}},"2":{"start":{"line":3,"column":0},"end":{"line":3,"column":42}},"3":{"start":{"line":6,"column":0},"end":{"line":20,"column":null}},"4":{"start":{"line":8,"column":4},"end":{"line":8,"column":null}},"5":{"start":{"line":12,"column":4},"end":{"line":12,"column":null}},"6":{"start":{"line":10,"column":21},"end":{"line":10,"column":27}},"7":{"start":{"line":10,"column":39},"end":{"line":10,"column":54}},"8":{"start":{"line":16,"column":4},"end":{"line":16,"column":null}},"9":{"start":{"line":14,"column":21},"end":{"line":14,"column":28}},"10":{"start":{"line":14,"column":41},"end":{"line":14,"column":56}},"11":{"start":{"line":19,"column":4},"end":{"line":19,"column":null}},"12":{"start":{"line":6,"column":13},"end":{"line":20,"column":null}},"13":{"start":{"line":6,"column":13},"end":{"line":6,"column":26}}},"fnMap":{"0":{"name":"(anonymous_2)","decl":{"start":{"line":10,"column":15},"end":{"line":10,"column":18}},"loc":{"start":{"line":10,"column":21},"end":{"line":10,"column":27}}},"1":{"name":"(anonymous_3)","decl":{"start":{"line":10,"column":29},"end":{"line":10,"column":35}},"loc":{"start":{"line":10,"column":39},"end":{"line":10,"column":54}}},"2":{"name":"(anonymous_4)","decl":{"start":{"line":14,"column":15},"end":{"line":14,"column":18}},"loc":{"start":{"line":14,"column":21},"end":{"line":14,"column":28}}},"3":{"name":"(anonymous_5)","decl":{"start":{"line":14,"column":30},"end":{"line":14,"column":37}},"loc":{"start":{"line":14,"column":41},"end":{"line":14,"column":56}}}},"branchMap":{},"s":{"0":4,"1":4,"2":4,"3":4,"4":4,"5":4,"6":4,"7":4,"8":4,"9":4,"10":4,"11":4,"12":4,"13":4},"f":{"0":4,"1":4,"2":4,"3":4},"b":{}}
,"C:\\Users\\Matheus\\Desktop\\projetos\\integracao-de-aplicacoes\\pizzaria-backend\\src\\models\\produto.model.ts": {"path":"C:\\Users\\Matheus\\Desktop\\projetos\\integracao-de-aplicacoes\\pizzaria-backend\\src\\models\\produto.model.ts","statementMap":{"0":{"start":{"line":1,"column":0},"end":{"line":1,"column":99}},"1":{"start":{"line":2,"column":0},"end":{"line":2,"column":46}},"2":{"start":{"line":3,"column":0},"end":{"line":3,"column":55}},"3":{"start":{"line":6,"column":0},"end":{"line":22,"column":null}},"4":{"start":{"line":8,"column":2},"end":{"line":8,"column":null}},"5":{"start":{"line":11,"column":2},"end":{"line":11,"column":null}},"6":{"start":{"line":14,"column":2},"end":{"line":14,"column":null}},"7":{"start":{"line":13,"column":19},"end":{"line":13,"column":32}},"8":{"start":{"line":13,"column":51},"end":{"line":13,"column":72}},"9":{"start":{"line":17,"column":2},"end":{"line":17,"column":null}},"10":{"start":{"line":21,"column":2},"end":{"line":21,"column":null}},"11":{"start":{"line":19,"column":19},"end":{"line":19,"column":28}},"12":{"start":{"line":6,"column":13},"end":{"line":22,"column":null}},"13":{"start":{"line":6,"column":13},"end":{"line":6,"column":20}}},"fnMap":{"0":{"name":"(anonymous_2)","decl":{"start":{"line":13,"column":13},"end":{"line":13,"column":16}},"loc":{"start":{"line":13,"column":19},"end":{"line":13,"column":32}}},"1":{"name":"(anonymous_3)","decl":{"start":{"line":13,"column":34},"end":{"line":13,"column":47}},"loc":{"start":{"line":13,"column":51},"end":{"line":13,"column":72}}},"2":{"name":"(anonymous_4)","decl":{"start":{"line":19,"column":13},"end":{"line":19,"column":16}},"loc":{"start":{"line":19,"column":19},"end":{"line":19,"column":28}}}},"branchMap":{},"s":{"0":4,"1":4,"2":4,"3":4,"4":4,"5":4,"6":4,"7":4,"8":4,"9":4,"10":4,"11":4,"12":4,"13":4},"f":{"0":4,"1":4,"2":4},"b":{}}
,"C:\\Users\\Matheus\\Desktop\\projetos\\integracao-de-aplicacoes\\pizzaria-backend\\src\\models\\usuario.model.ts": {"path":"C:\\Users\\Matheus\\Desktop\\projetos\\integracao-de-aplicacoes\\pizzaria-backend\\src\\models\\usuario.model.ts","statementMap":{"0":{"start":{"line":1,"column":0},"end":{"line":1,"column":79}},"1":{"start":{"line":2,"column":0},"end":{"line":2,"column":28}},"2":{"start":{"line":5,"column":0},"end":{"line":35,"column":null}},"3":{"start":{"line":29,"column":2},"end":{"line":29,"column":49}},"4":{"start":{"line":33,"column":2},"end":{"line":33,"column":52}},"5":{"start":{"line":7,"column":1},"end":{"line":7,"column":null}},"6":{"start":{"line":10,"column":1},"end":{"line":10,"column":null}},"7":{"start":{"line":13,"column":1},"end":{"line":13,"column":null}},"8":{"start":{"line":16,"column":1},"end":{"line":16,"column":null}},"9":{"start":{"line":19,"column":1},"end":{"line":19,"column":null}},"10":{"start":{"line":22,"column":1},"end":{"line":22,"column":null}},"11":{"start":{"line":25,"column":1},"end":{"line":25,"column":null}},"12":{"start":{"line":28,"column":1},"end":{"line":30,"column":null}},"13":{"start":{"line":5,"column":13},"end":{"line":35,"column":null}},"14":{"start":{"line":5,"column":13},"end":{"line":5,"column":20}}},"fnMap":{"0":{"name":"(anonymous_3)","decl":{"start":{"line":28,"column":1},"end":{"line":28,"column":6}},"loc":{"start":{"line":28,"column":16},"end":{"line":30,"column":2}}},"1":{"name":"(anonymous_4)","decl":{"start":{"line":32,"column":1},"end":{"line":32,"column":6}},"loc":{"start":{"line":32,"column":34},"end":{"line":34,"column":2}}}},"branchMap":{},"s":{"0":4,"1":4,"2":4,"3":1,"4":0,"5":4,"6":4,"7":4,"8":4,"9":4,"10":4,"11":4,"12":4,"13":4,"14":4},"f":{"0":1,"1":0},"b":{}}
,"C:\\Users\\Matheus\\Desktop\\projetos\\integracao-de-aplicacoes\\pizzaria-backend\\src\\routes\\categoria.routes.ts": {"path":"C:\\Users\\Matheus\\Desktop\\projetos\\integracao-de-aplicacoes\\pizzaria-backend\\src\\routes\\categoria.routes.ts","statementMap":{"0":{"start":{"line":1,"column":0},"end":{"line":1,"column":33}},"1":{"start":{"line":2,"column":0},"end":{"line":2,"column":74}},"2":{"start":{"line":4,"column":15},"end":{"line":4,"column":23}},"3":{"start":{"line":5,"column":28},"end":{"line":5,"column":53}},"4":{"start":{"line":7,"column":0},"end":{"line":7,"column":42}},"5":{"start":{"line":8,"column":0},"end":{"line":8,"column":45}},"6":{"start":{"line":9,"column":0},"end":{"line":9,"column":45}},"7":{"start":{"line":10,"column":0},"end":{"line":10,"column":47}},"8":{"start":{"line":11,"column":0},"end":{"line":11,"column":50}},"9":{"start":{"line":13,"column":0},"end":{"line":13,"column":22}}},"fnMap":{},"branchMap":{},"s":{"0":4,"1":4,"2":4,"3":4,"4":4,"5":4,"6":4,"7":4,"8":4,"9":4},"f":{},"b":{}}
,"C:\\Users\\Matheus\\Desktop\\projetos\\integracao-de-aplicacoes\\pizzaria-backend\\src\\routes\\pedido.routes.ts": {"path":"C:\\Users\\Matheus\\Desktop\\projetos\\integracao-de-aplicacoes\\pizzaria-backend\\src\\routes\\pedido.routes.ts","statementMap":{"0":{"start":{"line":1,"column":0},"end":{"line":1,"column":33}},"1":{"start":{"line":2,"column":0},"end":{"line":2,"column":66}},"2":{"start":{"line":4,"column":25},"end":{"line":4,"column":47}},"3":{"start":{"line":5,"column":15},"end":{"line":5,"column":23}},"4":{"start":{"line":7,"column":0},"end":{"line":7,"column":39}},"5":{"start":{"line":8,"column":0},"end":{"line":8,"column":42}},"6":{"start":{"line":9,"column":0},"end":{"line":9,"column":42}},"7":{"start":{"line":10,"column":0},"end":{"line":10,"column":57}},"8":{"start":{"line":11,"column":0},"end":{"line":11,"column":47}},"9":{"start":{"line":13,"column":0},"end":{"line":13,"column":22}}},"fnMap":{},"branchMap":{},"s":{"0":4,"1":4,"2":4,"3":4,"4":4,"5":4,"6":4,"7":4,"8":4,"9":4},"f":{},"b":{}}
,"C:\\Users\\Matheus\\Desktop\\projetos\\integracao-de-aplicacoes\\pizzaria-backend\\src\\routes\\produto.routes.ts": {"path":"C:\\Users\\Matheus\\Desktop\\projetos\\integracao-de-aplicacoes\\pizzaria-backend\\src\\routes\\produto.routes.ts","statementMap":{"0":{"start":{"line":1,"column":0},"end":{"line":1,"column":33}},"1":{"start":{"line":2,"column":0},"end":{"line":2,"column":70}},"2":{"start":{"line":4,"column":15},"end":{"line":4,"column":23}},"3":{"start":{"line":5,"column":26},"end":{"line":5,"column":49}},"4":{"start":{"line":7,"column":0},"end":{"line":7,"column":40}},"5":{"start":{"line":8,"column":0},"end":{"line":8,"column":43}},"6":{"start":{"line":9,"column":0},"end":{"line":9,"column":43}},"7":{"start":{"line":10,"column":0},"end":{"line":10,"column":45}},"8":{"start":{"line":11,"column":0},"end":{"line":11,"column":48}},"9":{"start":{"line":13,"column":0},"end":{"line":13,"column":22}}},"fnMap":{},"branchMap":{},"s":{"0":4,"1":4,"2":4,"3":4,"4":4,"5":4,"6":4,"7":4,"8":4,"9":4},"f":{},"b":{}}
,"C:\\Users\\Matheus\\Desktop\\projetos\\integracao-de-aplicacoes\\pizzaria-backend\\src\\routes\\usuario.routes.ts": {"path":"C:\\Users\\Matheus\\Desktop\\projetos\\integracao-de-aplicacoes\\pizzaria-backend\\src\\routes\\usuario.routes.ts","statementMap":{"0":{"start":{"line":1,"column":0},"end":{"line":1,"column":33}},"1":{"start":{"line":2,"column":0},"end":{"line":2,"column":67}},"2":{"start":{"line":4,"column":15},"end":{"line":4,"column":23}},"3":{"start":{"line":5,"column":23},"end":{"line":5,"column":43}},"4":{"start":{"line":7,"column":0},"end":{"line":7,"column":40}},"5":{"start":{"line":8,"column":0},"end":{"line":8,"column":37}},"6":{"start":{"line":9,"column":0},"end":{"line":9,"column":40}},"7":{"start":{"line":10,"column":0},"end":{"line":10,"column":45}},"8":{"start":{"line":11,"column":0},"end":{"line":11,"column":42}},"9":{"start":{"line":13,"column":0},"end":{"line":13,"column":22}}},"fnMap":{},"branchMap":{},"s":{"0":4,"1":4,"2":4,"3":4,"4":4,"5":4,"6":4,"7":4,"8":4,"9":4},"f":{},"b":{}}
}
