TN:
SF:src\app.ts
FNF:0
FNH:0
DA:1,4
DA:2,4
DA:3,4
DA:4,4
DA:5,4
DA:7,4
DA:9,4
DA:11,4
DA:12,4
DA:13,4
DA:14,4
DA:16,4
LF:12
LH:12
BRF:0
BRH:0
end_of_record
TN:
SF:src\config\data-source.ts
FNF:0
FNH:0
DA:1,4
DA:2,4
DA:4,4
DA:6,4
LF:4
LH:4
BRF:0
BRH:0
end_of_record
TN:
SF:src\controllers\categoria.controller.ts
FN:5,(anonymous_0)
FN:8,(anonymous_1)
FN:18,(anonymous_2)
FN:35,(anonymous_3)
FN:51,(anonymous_4)
FN:71,(anonymous_5)
FNF:6
FNH:6
FNDA:4,(anonymous_0)
FNDA:1,(anonymous_1)
FNDA:7,(anonymous_2)
FNDA:1,(anonymous_3)
FNDA:1,(anonymous_4)
FNDA:1,(anonymous_5)
DA:2,4
DA:3,4
DA:5,4
DA:6,4
DA:8,4
DA:9,1
DA:10,1
DA:12,1
DA:14,0
DA:18,4
DA:19,7
DA:20,7
DA:22,7
DA:23,0
DA:26,7
DA:27,7
DA:29,7
DA:31,0
DA:35,4
DA:36,1
DA:37,1
DA:39,1
DA:41,1
DA:42,0
DA:45,1
DA:47,0
DA:51,4
DA:52,1
DA:53,1
DA:54,1
DA:56,1
DA:58,1
DA:59,0
DA:62,1
DA:63,1
DA:65,1
DA:67,0
DA:71,4
DA:72,1
DA:73,1
DA:75,1
DA:77,1
DA:78,0
DA:81,1
DA:83,1
DA:85,0
LF:46
LH:37
BRDA:22,0,0,0
BRDA:41,1,0,0
BRDA:58,2,0,0
BRDA:62,3,0,1
BRDA:62,3,1,0
BRDA:77,4,0,0
BRF:6
BRH:1
end_of_record
TN:
SF:src\controllers\pedido.controller.ts
FN:8,(anonymous_0)
FN:14,(anonymous_1)
FN:31,(anonymous_2)
FN:65,(anonymous_3)
FN:74,(anonymous_4)
FN:79,(anonymous_5)
FN:89,(anonymous_6)
FN:105,(anonymous_7)
FN:130,(anonymous_8)
FN:152,(anonymous_9)
FNF:10
FNH:1
FNDA:4,(anonymous_0)
FNDA:0,(anonymous_1)
FNDA:0,(anonymous_2)
FNDA:0,(anonymous_3)
FNDA:0,(anonymous_4)
FNDA:0,(anonymous_5)
FNDA:0,(anonymous_6)
FNDA:0,(anonymous_7)
FNDA:0,(anonymous_8)
FNDA:0,(anonymous_9)
DA:2,4
DA:3,4
DA:4,4
DA:5,4
DA:6,4
DA:8,4
DA:9,4
DA:10,4
DA:11,4
DA:12,4
DA:14,4
DA:15,0
DA:16,0
DA:24,0
DA:26,0
DA:27,0
DA:31,4
DA:32,0
DA:33,0
DA:35,0
DA:36,0
DA:37,0
DA:39,0
DA:40,0
DA:43,0
DA:44,0
DA:47,0
DA:48,0
DA:51,0
DA:52,0
DA:55,0
DA:56,0
DA:59,0
DA:60,0
DA:61,0
DA:64,0
DA:66,0
DA:67,0
DA:68,0
DA:70,0
DA:74,0
DA:75,0
DA:78,0
DA:79,0
DA:83,0
DA:89,0
DA:95,0
DA:97,0
DA:99,0
DA:100,0
DA:105,4
DA:106,0
DA:107,0
DA:109,0
DA:119,0
DA:120,0
DA:123,0
DA:125,0
DA:126,0
DA:130,4
DA:131,0
DA:132,0
DA:134,0
DA:136,0
DA:137,0
DA:140,0
DA:141,0
DA:143,0
DA:145,0
DA:147,0
DA:148,0
DA:152,4
DA:153,0
DA:154,0
DA:155,0
DA:157,0
DA:159,0
DA:160,0
DA:163,0
DA:165,0
DA:166,0
DA:169,0
DA:170,0
DA:172,0
DA:174,0
DA:175,0
LF:86
LH:15
BRDA:39,0,0,0
BRDA:39,1,0,0
BRDA:39,1,1,0
BRDA:39,1,2,0
BRDA:39,1,3,0
BRDA:39,1,4,0
BRDA:43,2,0,0
BRDA:47,3,0,0
BRDA:51,4,0,0
BRDA:55,5,0,0
BRDA:55,6,0,0
BRDA:55,6,1,0
BRDA:60,7,0,0
BRDA:67,8,0,0
BRDA:74,9,0,0
BRDA:119,10,0,0
BRDA:136,11,0,0
BRDA:159,12,0,0
BRDA:165,13,0,0
BRF:19
BRH:0
end_of_record
TN:
SF:src\controllers\produto.controller.ts
FN:6,(anonymous_0)
FN:9,(anonymous_1)
FN:19,(anonymous_2)
FN:41,(anonymous_3)
FN:57,(anonymous_4)
FN:90,(anonymous_5)
FNF:6
FNH:5
FNDA:4,(anonymous_0)
FNDA:1,(anonymous_1)
FNDA:3,(anonymous_2)
FNDA:1,(anonymous_3)
FNDA:0,(anonymous_4)
FNDA:1,(anonymous_5)
DA:2,4
DA:3,4
DA:4,4
DA:6,4
DA:7,4
DA:9,4
DA:10,1
DA:11,1
DA:13,1
DA:15,0
DA:19,4
DA:20,3
DA:21,3
DA:23,3
DA:24,0
DA:27,3
DA:28,2
DA:29,0
DA:32,2
DA:33,2
DA:35,2
DA:37,1
DA:41,4
DA:42,1
DA:43,1
DA:45,1
DA:47,0
DA:48,0
DA:51,0
DA:53,1
DA:57,4
DA:58,0
DA:59,0
DA:60,0
DA:62,0
DA:63,0
DA:66,0
DA:67,0
DA:68,0
DA:71,0
DA:72,0
DA:74,0
DA:76,0
DA:77,0
DA:80,0
DA:82,0
DA:84,0
DA:86,0
DA:90,4
DA:91,1
DA:92,1
DA:94,1
DA:96,1
DA:97,0
DA:100,1
DA:102,1
DA:104,0
LF:57
LH:32
BRDA:23,0,0,0
BRDA:23,1,0,3
BRDA:23,1,1,3
BRDA:23,1,2,3
BRDA:28,2,0,0
BRDA:47,3,0,0
BRDA:62,4,0,0
BRDA:62,5,0,0
BRDA:62,5,1,0
BRDA:62,5,2,0
BRDA:67,6,0,0
BRDA:76,7,0,0
BRDA:96,8,0,0
BRF:13
BRH:3
end_of_record
TN:
SF:src\controllers\usuario.controller.ts
FN:6,(anonymous_1)
FN:9,(anonymous_2)
FN:18,(anonymous_3)
FN:57,(anonymous_4)
FN:73,(anonymous_5)
FN:108,(anonymous_6)
FNF:6
FNH:3
FNDA:4,(anonymous_1)
FNDA:0,(anonymous_2)
FNDA:1,(anonymous_3)
FNDA:0,(anonymous_4)
FNDA:0,(anonymous_5)
FNDA:1,(anonymous_6)
DA:2,4
DA:3,4
DA:4,4
DA:6,4
DA:7,4
DA:9,4
DA:10,0
DA:11,0
DA:12,0
DA:14,0
DA:18,4
DA:19,1
DA:20,1
DA:22,1
DA:24,1
DA:25,0
DA:28,1
DA:29,0
DA:32,1
DA:33,1
DA:34,0
DA:37,1
DA:39,1
DA:48,1
DA:50,1
DA:52,0
DA:53,0
DA:57,4
DA:58,0
DA:59,0
DA:61,0
DA:63,0
DA:64,0
DA:67,0
DA:69,0
DA:73,4
DA:74,0
DA:75,0
DA:76,0
DA:78,0
DA:80,0
DA:81,0
DA:84,0
DA:85,0
DA:88,0
DA:89,0
DA:90,0
DA:93,0
DA:94,0
DA:95,0
DA:96,0
DA:97,0
DA:98,0
DA:100,0
DA:102,0
DA:104,0
DA:108,4
DA:109,1
DA:110,1
DA:112,1
DA:114,1
DA:115,0
DA:118,1
DA:120,1
DA:122,0
LF:65
LH:27
BRDA:24,0,0,0
BRDA:24,1,0,1
BRDA:24,1,1,1
BRDA:24,1,2,1
BRDA:24,1,3,1
BRDA:24,1,4,1
BRDA:24,1,5,1
BRDA:28,2,0,0
BRDA:33,3,0,0
BRDA:45,4,0,1
BRDA:45,4,1,0
BRDA:63,5,0,0
BRDA:80,6,0,0
BRDA:80,7,0,0
BRDA:80,7,1,0
BRDA:80,7,2,0
BRDA:80,7,3,0
BRDA:80,7,4,0
BRDA:80,7,5,0
BRDA:84,8,0,0
BRDA:89,9,0,0
BRDA:93,10,0,0
BRDA:94,11,0,0
BRDA:95,12,0,0
BRDA:96,13,0,0
BRDA:97,14,0,0
BRDA:98,15,0,0
BRDA:114,16,0,0
BRF:28
BRH:7
end_of_record
TN:
SF:src\models\categoria.model.ts
FNF:0
FNH:0
DA:1,4
DA:4,4
DA:6,4
DA:9,4
LF:4
LH:4
BRF:0
BRH:0
end_of_record
TN:
SF:src\models\pedido.model.ts
FN:10,(anonymous_2)
FN:14,(anonymous_3)
FN:14,(anonymous_4)
FNF:3
FNH:3
FNDA:4,(anonymous_2)
FNDA:4,(anonymous_3)
FNDA:4,(anonymous_4)
DA:1,4
DA:2,4
DA:3,4
DA:6,4
DA:8,4
DA:10,4
DA:12,4
DA:14,4
DA:15,4
DA:18,4
DA:21,4
DA:24,4
DA:27,4
LF:13
LH:13
BRF:0
BRH:0
end_of_record
TN:
SF:src\models\pedido_produto.model.ts
FN:10,(anonymous_2)
FN:10,(anonymous_3)
FN:14,(anonymous_4)
FN:14,(anonymous_5)
FNF:4
FNH:4
FNDA:4,(anonymous_2)
FNDA:4,(anonymous_3)
FNDA:4,(anonymous_4)
FNDA:4,(anonymous_5)
DA:1,4
DA:2,4
DA:3,4
DA:6,4
DA:8,4
DA:10,4
DA:12,4
DA:14,4
DA:16,4
DA:19,4
LF:10
LH:10
BRF:0
BRH:0
end_of_record
TN:
SF:src\models\produto.model.ts
FN:13,(anonymous_2)
FN:13,(anonymous_3)
FN:19,(anonymous_4)
FNF:3
FNH:3
FNDA:4,(anonymous_2)
FNDA:4,(anonymous_3)
FNDA:4,(anonymous_4)
DA:1,4
DA:2,4
DA:3,4
DA:6,4
DA:8,4
DA:11,4
DA:13,4
DA:14,4
DA:17,4
DA:19,4
DA:21,4
LF:11
LH:11
BRF:0
BRH:0
end_of_record
TN:
SF:src\models\usuario.model.ts
FN:28,(anonymous_3)
FN:32,(anonymous_4)
FNF:2
FNH:1
FNDA:1,(anonymous_3)
FNDA:0,(anonymous_4)
DA:1,4
DA:2,4
DA:5,4
DA:7,4
DA:10,4
DA:13,4
DA:16,4
DA:19,4
DA:22,4
DA:25,4
DA:28,4
DA:29,1
DA:33,0
LF:13
LH:12
BRF:0
BRH:0
end_of_record
TN:
SF:src\routes\categoria.routes.ts
FNF:0
FNH:0
DA:1,4
DA:2,4
DA:4,4
DA:5,4
DA:7,4
DA:8,4
DA:9,4
DA:10,4
DA:11,4
DA:13,4
LF:10
LH:10
BRF:0
BRH:0
end_of_record
TN:
SF:src\routes\pedido.routes.ts
FNF:0
FNH:0
DA:1,4
DA:2,4
DA:4,4
DA:5,4
DA:7,4
DA:8,4
DA:9,4
DA:10,4
DA:11,4
DA:13,4
LF:10
LH:10
BRF:0
BRH:0
end_of_record
TN:
SF:src\routes\produto.routes.ts
FNF:0
FNH:0
DA:1,4
DA:2,4
DA:4,4
DA:5,4
DA:7,4
DA:8,4
DA:9,4
DA:10,4
DA:11,4
DA:13,4
LF:10
LH:10
BRF:0
BRH:0
end_of_record
TN:
SF:src\routes\usuario.routes.ts
FNF:0
FNH:0
DA:1,4
DA:2,4
DA:4,4
DA:5,4
DA:7,4
DA:8,4
DA:9,4
DA:10,4
DA:11,4
DA:13,4
LF:10
LH:10
BRF:0
BRH:0
end_of_record
